
**** Build of configuration Debug for project lab3 ****

"C:\\ti\\ccs1280\\ccs\\utils\\bin\\gmake" -k -j 24 all -O 
 
Building file: "../src/lab3a_GeorgeBoone_s.s"
Invoking: Arm Compiler
"C:/ti/ccs1280/ccs/tools/compiler/ti-cgt-arm_20.2.7.LTS/bin/armcl" -mv7M4 --code_state=16 --float_support=FPv4SPD16 -me --include_path="D:/cse-labs/cse3442/lab3" --include_path="C:/ti/ccs1280/ccs/tools/compiler/ti-cgt-arm_20.2.7.LTS/include" --define=ccs="ccs" --define=PART_TM4C123GH6PM -g --gcc --diag_warning=225 --diag_wrap=off --display_error_number --abi=eabi --preproc_with_compile --preproc_dependency="src/lab3a_GeorgeBoone_s.d_raw" --obj_directory="src"  "../src/lab3a_GeorgeBoone_s.s"
 
>> Compilation failure
src/subdir_rules.mk:16: recipe for target 'src/lab3a_GeorgeBoone_s.obj' failed
 
INTERNAL ERROR: C:\ti\ccs1280\ccs\tools\compiler\ti-cgt-arm_20.2.7.LTS\bin\armasm.exe experienced a segmentation fault
                  while processing section .text file ../src/lab3a_GeorgeBoone_s.s line 23
 
This is caused by a defect in the TI Assembler.
TI Customer Support may be able to suggest a workaround to avoid this.
 
Upgrading to the newest version of the compiler may fix this problem.
 
Contact TI in the E2E support forums at http://e2e.ti.com under
"Development Tools", "TI C/C++ Compiler".  See the link titled
"Submitting an issue".
 
We need to see this ENTIRE error message and a complete, reproducible
test case including ALL of the command-line options.
 
gmake: *** [src/lab3a_GeorgeBoone_s.obj] Error 1
gmake: Target 'all' not remade because of errors.

**** Build Finished ****
