#-----------------------------------------------------------
# Vivado v2024.2 (64-bit)
# SW Build 5239630 on Fri Nov 08 22:34:34 MST 2024
# IP Build 5239520 on Sun Nov 10 16:12:51 MST 2024
# SharedData Build 5239561 on Fri Nov 08 14:39:27 MST 2024
# Start of session at: Thu Apr 17 19:17:30 2025
# Process ID         : 35911
# Current directory  : /media/greg/Data1/UTAdir/cse-labs/homelab/tm4c123gfiddle/cse4352_spring2025_project2/src
# Command line       : vivado
# Log file           : /media/greg/Data1/UTAdir/cse-labs/homelab/tm4c123gfiddle/cse4352_spring2025_project2/src/vivado.log
# Journal file       : /media/greg/Data1/UTAdir/cse-labs/homelab/tm4c123gfiddle/cse4352_spring2025_project2/src/vivado.jou
# Running On         : remotehost
# Platform           : Ubuntu
# Operating System   : Ubuntu 24.04.2 LTS
# Processor Detail   : AMD Ryzen 7 3700U with Radeon Vega Mobile Gfx
# CPU Frequency      : 1237.453 MHz
# CPU Physical cores : 4
# CPU Logical cores  : 8
# Host memory        : 10296 MB
# Swap memory        : 4294 MB
# Total Virtual      : 14591 MB
# Available Virtual  : 9938 MB
#-----------------------------------------------------------
start_gui
WARNING: [Board 49-26] cannot add Board Part xilinx.com:zcu208ld:part0:2.0 available at /media/greg/Data1/Xilinx/Vivado/2024.2/data/xhub/boards/XilinxBoardStore/boards/Xilinx/zcu208ld/production/2.0/board.xml as part xczu58dr-fsvg1517-2-i specified in board_part file is either invalid or not available
WARNING: [Board 49-26] cannot add Board Part xilinx.com:zcu216ld:part0:2.0 available at /media/greg/Data1/Xilinx/Vivado/2024.2/data/xhub/boards/XilinxBoardStore/boards/Xilinx/zcu216ld/production/2.0/board.xml as part xczu59dr-ffvf1760-2-i specified in board_part file is either invalid or not available
WARNING: [Board 49-26] cannot add Board Part xilinx.com:zcu670ld:part0:1.0 available at /media/greg/Data1/Xilinx/Vivado/2024.2/data/xhub/boards/XilinxBoardStore/boards/Xilinx/zcu670ld/1.0/board.xml as part xczu57dr-fsve1156-2-i specified in board_part file is either invalid or not available
exit
INFO: [Common 17-206] Exiting Vivado at Thu Apr 17 19:19:05 2025...
